<?xml version="1.0" encoding="UTF-8"?>
<!-- Generated by org.testng.reporters.JUnitReportReporter -->
<testsuite hostname="QT-INBG-LT0735" failures="0" tests="12" name="api.test.DDTests" time="17.356" errors="0" timestamp="2023-08-21T13:15:50 IST" skipped="0">
  <testcase classname="api.test.DDTests" name="test_post_user" time="3.240"/>
  <testcase classname="api.test.DDTests" name="test_post_user" time="1.220"/>
  <testcase classname="api.test.DDTests" name="test_post_user" time="1.254"/>
  <testcase classname="api.test.DDTests" name="test_post_user" time="1.258"/>
  <testcase classname="api.test.DDTests" name="test_post_user" time="1.172"/>
  <testcase classname="api.test.DDTests" name="test_post_user" time="1.194"/>
  <testcase classname="api.test.DDTests" name="test_get_user" time="1.776"/>
  <testcase classname="api.test.DDTests" name="test_get_user" time="1.284"/>
  <testcase classname="api.test.DDTests" name="test_get_user" time="1.229"/>
  <testcase classname="api.test.DDTests" name="test_get_user" time="1.261"/>
  <testcase classname="api.test.DDTests" name="test_get_user" time="1.203"/>
  <testcase classname="api.test.DDTests" name="test_get_user" time="1.265"/>
</testsuite> <!-- api.test.DDTests -->
