<?xml version="1.0" encoding="UTF-8"?>
<!-- Generated by org.testng.reporters.JUnitReportReporter -->
<testsuite hostname="QT-INBG-LT0735" failures="0" tests="12" name="api.test.DDTests" time="17.738" errors="0" timestamp="2023-08-21T15:08:16 IST" skipped="0">
  <testcase classname="api.test.DDTests" name="test_post_user" time="1.314"/>
  <testcase classname="api.test.DDTests" name="test_post_user" time="1.328"/>
  <testcase classname="api.test.DDTests" name="test_post_user" time="1.464"/>
  <testcase classname="api.test.DDTests" name="test_post_user" time="1.335"/>
  <testcase classname="api.test.DDTests" name="test_post_user" time="1.305"/>
  <testcase classname="api.test.DDTests" name="test_post_user" time="3.342"/>
  <testcase classname="api.test.DDTests" name="test_get_user" time="1.242"/>
  <testcase classname="api.test.DDTests" name="test_get_user" time="1.290"/>
  <testcase classname="api.test.DDTests" name="test_get_user" time="1.251"/>
  <testcase classname="api.test.DDTests" name="test_get_user" time="1.297"/>
  <testcase classname="api.test.DDTests" name="test_get_user" time="1.257"/>
  <testcase classname="api.test.DDTests" name="test_get_user" time="1.313"/>
</testsuite> <!-- api.test.DDTests -->
