<?xml version="1.0" encoding="UTF-8"?>
<!-- Generated by org.testng.reporters.JUnitReportReporter -->
<testsuite hostname="QT-INBG-LT0735" failures="0" tests="4" name="api.test.UserTests" time="6.484" errors="0" timestamp="2023-08-21T15:08:16 IST" skipped="0">
  <testcase classname="api.test.UserTests" name="test_post_user" time="1.272"/>
  <testcase classname="api.test.UserTests" name="test_get_user" time="1.240"/>
  <testcase classname="api.test.UserTests" name="test_update_user" time="2.646"/>
  <testcase classname="api.test.UserTests" name="test_delete_user" time="1.326"/>
</testsuite> <!-- api.test.UserTests -->
